<?xml version="1.0" encoding="UTF-8"?>
<testng-results skipped="0" failed="0" ignored="0" total="1" passed="1">
  <reporter-output>
  </reporter-output>
  <suite name="Default suite" duration-ms="9872" started-at="2020-04-28T20:21:19Z" finished-at="2020-04-28T20:21:29Z">
    <groups>
    </groups>
    <test name="Default test" duration-ms="9872" started-at="2020-04-28T20:21:19Z" finished-at="2020-04-28T20:21:29Z">
      <class name="com.acti.Base.DriverScript">
        <test-method status="PASS" signature="initApp()[pri:0, instance:com.acti.Base.DriverScript@77caeb3e]" name="initApp" duration-ms="9842" started-at="2020-04-28T15:21:19Z" finished-at="2020-04-28T15:21:29Z">
          <reporter-output>
          </reporter-output>
        </test-method> <!-- initApp -->
      </class> <!-- com.acti.Base.DriverScript -->
    </test> <!-- Default test -->
  </suite> <!-- Default suite -->
</testng-results>
